(0000) 3000  0011000000000000 (  12)                 .ORIG x3000
(3000) 4807  0100100000000111 (  14) start           JSR   get_number
(3001) 481F  0100100000011111 (  15)                 JSR   convert_number
(3002) 1221  0001001000100001 (  16)                 ADD   R1 R0 #1
(3003) 05FC  0000010111111100 (  17)                 BRZ   start
(3004) 4852  0100100001010010 (  18)                 JSR   print_binary
(3005) 4871  0100100001110001 (  19)                 JSR   convert_float
(3006) 4850  0100100001010000 (  20)                 JSR   print_binary
(3007) F025  1111000000100101 (  21)                 TRAP  x25
(3008) 3EA1  0011111010100001 (  23) get_number      ST    R7 ret_address
(3009) 5020  0101000000100000 (  24)                 AND   R0 R0 #0
(300A) 5DA0  0101110110100000 (  25)                 AND   R6 R6 #0
(300B) 5920  0101100100100000 (  26)                 AND   R4 R4 #0
(300C) 28FE  0010100011111110 (  27)                 LD    R4 max_size
(300D) E6FE  1110011011111110 (  28)                 LEA   R3 buffer
(300E) 70C0  0111000011000000 (  30) clear           STR   R0 R3 #0
(300F) 16E1  0001011011100001 (  31)                 ADD   R3 R3 #1
(3010) 193F  0001100100111111 (  32)                 ADD   R4 R4 #-1
(3011) 03FC  0000001111111100 (  33)                 BRP   clear
(3012) 5920  0101100100100000 (  35)                 AND   R4 R4 #0
(3013) E6F8  1110011011111000 (  36)                 LEA   R3 buffer
(3014) E0CD  1110000011001101 (  37)                 LEA   R0 prompt
(3015) F022  1111000000100010 (  38)                 TRAP  x22
(3016) F020  1111000000100000 (  40) loop            TRAP  x20
(3017) F021  1111000000100001 (  41)                 TRAP  x21
(3018) 1236  0001001000110110 (  42)                 ADD   R1 R0 #-10
(3019) 0403  0000010000000011 (  43)                 BRZ   break
(301A) 70C0  0111000011000000 (  44)                 STR   R0 R3 #0
(301B) 16E1  0001011011100001 (  45)                 ADD   R3 R3 #1
(301C) 0FF9  0000111111111001 (  46)                 BRNZP loop
(301D) 2E8C  0010111010001100 (  48) break           LD    R7 ret_address
(301E) 5920  0101100100100000 (  49)                 AND   R4 R4 #0
(301F) 388A  0011100010001010 (  50)                 ST    R4 ret_address
(3020) C1C0  1100000111000000 (  51)                 RET   
(3021) 3E88  0011111010001000 (  53) convert_number  ST    R7 ret_address
(3022) 5FE0  0101111111100000 (  54)                 AND   R7 R7 #0
(3023) 5020  0101000000100000 (  55)                 AND   R0 R0 #0
(3024) E6E7  1110011011100111 (  56)                 LEA   R3 buffer
(3025) 24E6  0010010011100110 (  58)                 LD    R2 buffer
(3026) 2880  0010100010000000 (  59)                 LD    R4 plus
(3027) 993F  1001100100111111 (  60)                 NOT   R4 R4
(3028) 1921  0001100100100001 (  61)                 ADD   R4 R4 #1
(3029) 1284  0001001010000100 (  62)                 ADD   R1 R2 R4
(302A) 0419  0000010000011001 (  63)                 BRZ   check
(302B) 287C  0010100001111100 (  65)                 LD    R4 minus
(302C) 993F  1001100100111111 (  66)                 NOT   R4 R4
(302D) 1921  0001100100100001 (  67)                 ADD   R4 R4 #1
(302E) 1284  0001001010000100 (  68)                 ADD   R1 R2 R4
(302F) 0414  0000010000010100 (  69)                 BRZ   check
(3030) E09A  1110000010011010 (  71) invalid_input   LEA   R0 invalid
(3031) F022  1111000000100010 (  72)                 TRAP  x22
(3032) 2078  0010000001111000 (  73)                 LD    R0 bad_input
(3033) 2E76  0010111001110110 (  74)                 LD    R7 ret_address
(3034) C1C0  1100000111000000 (  75)                 RET   
(3035) 9C3F  1001110000111111 (  77) negate          NOT   R6 R0
(3036) 1DA1  0001110110100001 (  78)                 ADD   R6 R6 #1
(3037) C1C0  1100000111000000 (  79)                 RET   
(3038) 1FE0  0001111111100000 (  81) check2          ADD   R7 R7 #0
(3039) 05F6  0000010111110110 (  82)                 BRZ   invalid_input
(303A) 2E6F  0010111001101111 (  83)                 LD    R7 ret_address
(303B) 2A6D  0010101001101101 (  84)                 LD    R5 range
(303C) 1B40  0001101101000000 (  85)                 ADD   R5 R5 R0
(303D) 03F2  0000001111110010 (  86)                 BRP   invalid_input
(303E) 24CD  0010010011001101 (  88)                 LD    R2 buffer
(303F) 2868  0010100001101000 (  89)                 LD    R4 minus
(3040) 993F  1001100100111111 (  90)                 NOT   R4 R4
(3041) 5284  0101001010000100 (  91)                 AND   R1 R2 R4
(3042) 05F2  0000010111110010 (  92)                 BRZ   negate
(3043) C1C0  1100000111000000 (  94)                 RET   
(3044) 16E1  0001011011100001 (  96) check           ADD   R3 R3 #1
(3045) 62C0  0110001011000000 (  97)                 LDR   R1 R3 #0
(3046) 05F1  0000010111110001 (  98)                 BRZ   check2
(3047) 2868  0010100001101000 (  99)                 LD    R4 neg_ascii
(3048) 1244  0001001001000100 ( 100)                 ADD   R1 R1 R4
(3049) 09E6  0000100111100110 ( 101)                 BRN   invalid_input
(304A) 1877  0001100001110111 ( 102)                 ADD   R4 R1 #-9
(304B) 03E4  0000001111100100 ( 103)                 BRP   invalid_input
(304C) 1400  0001010000000000 ( 105)                 ADD   R2 R0 R0
(304D) 1882  0001100010000010 ( 106)                 ADD   R4 R2 R2
(304E) 1D04  0001110100000100 ( 107)                 ADD   R6 R4 R4
(304F) 1182  0001000110000010 ( 108)                 ADD   R0 R6 R2
(3050) 1001  0001000000000001 ( 110)                 ADD   R0 R0 R1
(3051) 1C20  0001110000100000 ( 111)                 ADD   R6 R0 #0
(3052) 2A56  0010101001010110 ( 113)                 LD    R5 range
(3053) 1B46  0001101101000110 ( 114)                 ADD   R5 R5 R6
(3054) 03DB  0000001111011011 ( 115)                 BRP   invalid_input
(3055) 1FFF  0001111111111111 ( 117)                 ADD   R7 R7 #-1
(3056) 0FED  0000111111101101 ( 118)                 BRNZP check
(3057) 3E52  0011111001010010 ( 122) print_binary    ST    R7 ret_address
(3058) 11A0  0001000110100000 ( 123)                 ADD   R0 R6 #0
(3059) E858  1110100001011000 ( 125) start_print     LEA   R4 masks
(305A) 56E0  0101011011100000 ( 126)                 AND   R3 R3 #0
(305B) 16EF  0001011011101111 ( 127)                 ADD   R3 R3 #15
(305C) 1220  0001001000100000 ( 129)                 ADD   R1 R0 #0
(305D) 1060  0001000001100000 ( 132) print_loop      ADD   R0 R1 #0
(305E) 6B00  0110101100000000 ( 133)                 LDR   R5 R4 #0
(305F) 5005  0101000000000101 ( 134)                 AND   R0 R0 R5
(3060) 040D  0000010000001101 ( 135)                 BRZ   print_zero
(3061) 0E0E  0000111000001110 ( 136)                 BRNZP print_one
(3062) F021  1111000000100001 ( 138) continue        TRAP  x21
(3063) 204A  0010000001001010 ( 139)                 LD    R0 space
(3064) F021  1111000000100001 ( 140)                 TRAP  x21
(3065) 1921  0001100100100001 ( 141)                 ADD   R4 R4 #1
(3066) 16FF  0001011011111111 ( 142)                 ADD   R3 R3 #-1
(3067) 07F5  0000011111110101 ( 143)                 BRZP  print_loop
(3068) 2046  0010000001000110 ( 144)                 LD    R0 new_line
(3069) F021  1111000000100001 ( 145)                 TRAP  x21
(306A) 5020  0101000000100000 ( 147)                 AND   R0 R0 #0
(306B) 11A0  0001000110100000 ( 148)                 ADD   R0 R6 #0
(306C) 2E3D  0010111000111101 ( 149)                 LD    R7 ret_address
(306D) C1C0  1100000111000000 ( 150)                 RET   
(306E) 203D  0010000000111101 ( 152) print_zero      LD    R0 ascii0
(306F) 0FF2  0000111111110010 ( 153)                 BRNZP continue
(3070) 203C  0010000000111100 ( 155) print_one       LD    R0 ascii1
(3071) 0FF0  0000111111110000 ( 156)                 BRNZP continue
(3072) 927F  1001001001111111 ( 158) unegate         NOT   R1 R1
(3073) 1261  0001001001100001 ( 159)                 ADD   R1 R1 #1
(3074) 903F  1001000000111111 ( 160)                 NOT   R0 R0
(3075) 1021  0001000000100001 ( 161)                 ADD   R0 R0 #1
(3076) 0E08  0000111000001000 ( 162)                 BRNZP start_float
(3077) 3E32  0011111000110010 ( 164) convert_float   ST    R7 ret_address
(3078) 54A0  0101010010100000 ( 166)                 AND   R2 R2 #0
(3079) 56E0  0101011011100000 ( 167)                 AND   R3 R3 #0
(307A) 5B60  0101101101100000 ( 169)                 AND   R5 R5 #0
(307B) 1220  0001001000100000 ( 171)                 ADD   R1 R0 #0
(307C) 0420  0000010000100000 ( 172)                 BRZ   special_case
(307D) 1020  0001000000100000 ( 174)                 ADD   R0 R0 #0
(307E) 09F3  0000100111110011 ( 175)                 BRN   unegate
(307F) 14AF  0001010010101111 ( 177) start_float     ADD   R2 R2 #15
(3080) 0600  0000011000000000 ( 178)                 BRZP  sig_loop
(3081) 14BF  0001010010111111 ( 180) sig_loop        ADD   R2 R2 #-1
(3082) 1241  0001001001000001 ( 181)                 ADD   R1 R1 R1
(3083) 03FD  0000001111111101 ( 182)                 BRP   sig_loop
(3084) 18A0  0001100010100000 ( 184)                 ADD   R4 R2 #0
(3085) 14A7  0001010010100111 ( 185)                 ADD   R2 R2 #7
(3086) 16EB  0001011011101011 ( 187)                 ADD   R3 R3 #11
(3087) 1482  0001010010000010 ( 188) exp_shift       ADD   R2 R2 R2
(3088) 16FF  0001011011111111 ( 189)                 ADD   R3 R3 #-1
(3089) 03FD  0000001111111101 ( 190)                 BRP   exp_shift
(308A) 1AA0  0001101010100000 ( 192)                 ADD   R5 R2 #0
(308B) E236  1110001000110110 ( 193)                 LEA   R1 manti_masks
(308C) 1244  0001001001000100 ( 196)                 ADD   R1 R1 R4
(308D) 6240  0110001001000000 ( 197)                 LDR   R1 R1 #0
(308E) 5001  0101000000000001 ( 199)                 AND   R0 R0 R1
(308F) 54A0  0101010010100000 ( 200)                 AND   R2 R2 #0
(3090) 14AB  0001010010101011 ( 201)                 ADD   R2 R2 #11
(3091) 993F  1001100100111111 ( 202)                 NOT   R4 R4
(3092) 1921  0001100100100001 ( 203)                 ADD   R4 R4 #1
(3093) 1484  0001010010000100 ( 204)                 ADD   R2 R2 R4
(3094) 1000  0001000000000000 ( 206) manti_shift     ADD   R0 R0 R0
(3095) 14BF  0001010010111111 ( 207)                 ADD   R2 R2 #-1
(3096) 03FD  0000001111111101 ( 208)                 BRP   manti_shift
(3097) 1B40  0001101101000000 ( 210)                 ADD   R5 R5 R0
(3098) 2473  0010010001110011 ( 212)                 LD    R2 buffer
(3099) 280E  0010100000001110 ( 213)                 LD    R4 minus
(309A) 993F  1001100100111111 ( 214)                 NOT   R4 R4
(309B) 5484  0101010010000100 ( 215)                 AND   R2 R2 R4
(309C) 0404  0000010000000100 ( 216)                 BRZ   manti_negate
(309D) 2E0C  0010111000001100 ( 218) special_case    LD    R7 ret_address
(309E) 5DA0  0101110110100000 ( 219)                 AND   R6 R6 #0
(309F) 1D60  0001110101100000 ( 220)                 ADD   R6 R5 #0
(30A0) C1C0  1100000111000000 ( 221)                 RET   
(30A1) 220F  0010001000001111 ( 223) manti_negate    LD    R1 is_neg
(30A2) 927F  1001001001111111 ( 224)                 NOT   R1 R1
(30A3) 9B7F  1001101101111111 ( 225)                 NOT   R5 R5
(30A4) 5B41  0101101101000001 ( 226)                 AND   R5 R5 R1
(30A5) 9B7F  1001101101111111 ( 227)                 NOT   R5 R5
(30A6) 0FF6  0000111111110110 ( 228)                 BRNZP special_case
(30A7) 002B  0000000000101011 ( 231) plus            .FILL x002B
(30A8) 002D  0000000000101101 ( 232) minus           .FILL x002D
(30A9) FE01  1111111000000001 ( 233) range           .FILL xFE01
(30AA) 0000  0000000000000000 ( 235) ret_address     .FILL x0000
(30AB) FFFF  1111111111111111 ( 235) bad_input       .FILL xFFFF
(30AC) 0030  0000000000110000 ( 236) ascii0          .FILL x0030
(30AD) 0031  0000000000110001 ( 237) ascii1          .FILL x0031
(30AE) 0020  0000000000100000 ( 238) space           .FILL x0020
(30AF) 000A  0000000000001010 ( 239) new_line        .FILL x000A
(30B0) FFD0  1111111111010000 ( 240) neg_ascii       .FILL xFFD0
(30B1) 8000  1000000000000000 ( 241) is_neg          .FILL x8000
(30B2) 8000  1000000000000000 ( 244) masks           .FILL x8000
(30B3) 4000  0100000000000000 ( 245)                 .FILL x4000
(30B4) 2000  0010000000000000 ( 246)                 .FILL x2000
(30B5) 1000  0001000000000000 ( 247)                 .FILL x1000
(30B6) 0800  0000100000000000 ( 248)                 .FILL x0800
(30B7) 0400  0000010000000000 ( 249)                 .FILL x0400
(30B8) 0200  0000001000000000 ( 250)                 .FILL x0200
(30B9) 0100  0000000100000000 ( 251)                 .FILL x0100
(30BA) 0080  0000000010000000 ( 252)                 .FILL x0080
(30BB) 0040  0000000001000000 ( 253)                 .FILL x0040
(30BC) 0020  0000000000100000 ( 254)                 .FILL x0020
(30BD) 0010  0000000000010000 ( 255)                 .FILL x0010
(30BE) 0008  0000000000001000 ( 256)                 .FILL x0008
(30BF) 0004  0000000000000100 ( 257)                 .FILL x0004
(30C0) 0002  0000000000000010 ( 258)                 .FILL x0002
(30C1) 0001  0000000000000001 ( 259)                 .FILL x0001
(30C2) 0000  0000000000000000 ( 261) manti_masks     .FILL x0000
(30C3) 0001  0000000000000001 ( 262)                 .FILL x0001
(30C4) 0003  0000000000000011 ( 263)                 .FILL x0003
(30C5) 0007  0000000000000111 ( 264)                 .FILL x0007
(30C6) 000F  0000000000001111 ( 265)                 .FILL x000F
(30C7) 001F  0000000000011111 ( 266)                 .FILL x001F
(30C8) 003F  0000000000111111 ( 267)                 .FILL x003F
(30C9) 007F  0000000001111111 ( 268)                 .FILL x007F
(30CA) 00FF  0000000011111111 ( 269)                 .FILL x00FF
(30CB) 0054  0000000001010100 ( 271) invalid         .FILL x0054
(30CC) 0068  0000000001101000 ( 271)                 .FILL x0068
(30CD) 0065  0000000001100101 ( 271)                 .FILL x0065
(30CE) 0020  0000000000100000 ( 271)                 .FILL x0020
(30CF) 0069  0000000001101001 ( 271)                 .FILL x0069
(30D0) 006E  0000000001101110 ( 271)                 .FILL x006E
(30D1) 0070  0000000001110000 ( 271)                 .FILL x0070
(30D2) 0075  0000000001110101 ( 271)                 .FILL x0075
(30D3) 0074  0000000001110100 ( 271)                 .FILL x0074
(30D4) 0020  0000000000100000 ( 271)                 .FILL x0020
(30D5) 0069  0000000001101001 ( 271)                 .FILL x0069
(30D6) 0073  0000000001110011 ( 271)                 .FILL x0073
(30D7) 0020  0000000000100000 ( 271)                 .FILL x0020
(30D8) 0069  0000000001101001 ( 271)                 .FILL x0069
(30D9) 006E  0000000001101110 ( 271)                 .FILL x006E
(30DA) 0076  0000000001110110 ( 271)                 .FILL x0076
(30DB) 0061  0000000001100001 ( 271)                 .FILL x0061
(30DC) 006C  0000000001101100 ( 271)                 .FILL x006C
(30DD) 0069  0000000001101001 ( 271)                 .FILL x0069
(30DE) 0064  0000000001100100 ( 271)                 .FILL x0064
(30DF) 002E  0000000000101110 ( 271)                 .FILL x002E
(30E0) 000A  0000000000001010 ( 271)                 .FILL x000A
(30E1) 0000  0000000000000000 ( 271)                 .FILL x0000
(30E2) 0045  0000000001000101 ( 272) prompt          .FILL x0045
(30E3) 006E  0000000001101110 ( 272)                 .FILL x006E
(30E4) 0074  0000000001110100 ( 272)                 .FILL x0074
(30E5) 0065  0000000001100101 ( 272)                 .FILL x0065
(30E6) 0072  0000000001110010 ( 272)                 .FILL x0072
(30E7) 0020  0000000000100000 ( 272)                 .FILL x0020
(30E8) 0061  0000000001100001 ( 272)                 .FILL x0061
(30E9) 006E  0000000001101110 ( 272)                 .FILL x006E
(30EA) 0020  0000000000100000 ( 272)                 .FILL x0020
(30EB) 0069  0000000001101001 ( 272)                 .FILL x0069
(30EC) 006E  0000000001101110 ( 272)                 .FILL x006E
(30ED) 0074  0000000001110100 ( 272)                 .FILL x0074
(30EE) 0065  0000000001100101 ( 272)                 .FILL x0065
(30EF) 0067  0000000001100111 ( 272)                 .FILL x0067
(30F0) 0065  0000000001100101 ( 272)                 .FILL x0065
(30F1) 0072  0000000001110010 ( 272)                 .FILL x0072
(30F2) 0020  0000000000100000 ( 272)                 .FILL x0020
(30F3) 0062  0000000001100010 ( 272)                 .FILL x0062
(30F4) 0065  0000000001100101 ( 272)                 .FILL x0065
(30F5) 0074  0000000001110100 ( 272)                 .FILL x0074
(30F6) 0077  0000000001110111 ( 272)                 .FILL x0077
(30F7) 0065  0000000001100101 ( 272)                 .FILL x0065
(30F8) 0065  0000000001100101 ( 272)                 .FILL x0065
(30F9) 006E  0000000001101110 ( 272)                 .FILL x006E
(30FA) 0020  0000000000100000 ( 272)                 .FILL x0020
(30FB) 002D  0000000000101101 ( 272)                 .FILL x002D
(30FC) 0035  0000000000110101 ( 272)                 .FILL x0035
(30FD) 0031  0000000000110001 ( 272)                 .FILL x0031
(30FE) 0031  0000000000110001 ( 272)                 .FILL x0031
(30FF) 0020  0000000000100000 ( 272)                 .FILL x0020
(3100) 0061  0000000001100001 ( 272)                 .FILL x0061
(3101) 006E  0000000001101110 ( 272)                 .FILL x006E
(3102) 0064  0000000001100100 ( 272)                 .FILL x0064
(3103) 0020  0000000000100000 ( 272)                 .FILL x0020
(3104) 002B  0000000000101011 ( 272)                 .FILL x002B
(3105) 0035  0000000000110101 ( 272)                 .FILL x0035
(3106) 0031  0000000000110001 ( 272)                 .FILL x0031
(3107) 0031  0000000000110001 ( 272)                 .FILL x0031
(3108) 003A  0000000000111010 ( 272)                 .FILL x003A
(3109) 0020  0000000000100000 ( 272)                 .FILL x0020
(310A) 0000  0000000000000000 ( 272)                 .FILL x0000
(310B) 0050  0000000001010000 ( 273) max_size        .FILL x0050
(310C) 0000  0000000000000000 ( 276) buffer          .FILL x0000
(310D) 0000  0000000000000000 ( 276)                 .FILL x0000
(310E) 0000  0000000000000000 ( 276)                 .FILL x0000
(310F) 0000  0000000000000000 ( 276)                 .FILL x0000
(3110) 0000  0000000000000000 ( 276)                 .FILL x0000
(3111) 0000  0000000000000000 ( 276)                 .FILL x0000
(3112) 0000  0000000000000000 ( 276)                 .FILL x0000
(3113) 0000  0000000000000000 ( 276)                 .FILL x0000
(3114) 0000  0000000000000000 ( 276)                 .FILL x0000
(3115) 0000  0000000000000000 ( 276)                 .FILL x0000
(3116) 0000  0000000000000000 ( 276)                 .FILL x0000
(3117) 0000  0000000000000000 ( 276)                 .FILL x0000
(3118) 0000  0000000000000000 ( 276)                 .FILL x0000
(3119) 0000  0000000000000000 ( 276)                 .FILL x0000
(311A) 0000  0000000000000000 ( 276)                 .FILL x0000
(311B) 0000  0000000000000000 ( 276)                 .FILL x0000
(311C) 0000  0000000000000000 ( 276)                 .FILL x0000
(311D) 0000  0000000000000000 ( 276)                 .FILL x0000
(311E) 0000  0000000000000000 ( 276)                 .FILL x0000
(311F) 0000  0000000000000000 ( 276)                 .FILL x0000
(3120) 0000  0000000000000000 ( 276)                 .FILL x0000
(3121) 0000  0000000000000000 ( 276)                 .FILL x0000
(3122) 0000  0000000000000000 ( 276)                 .FILL x0000
(3123) 0000  0000000000000000 ( 276)                 .FILL x0000
(3124) 0000  0000000000000000 ( 276)                 .FILL x0000
(3125) 0000  0000000000000000 ( 276)                 .FILL x0000
(3126) 0000  0000000000000000 ( 276)                 .FILL x0000
(3127) 0000  0000000000000000 ( 276)                 .FILL x0000
(3128) 0000  0000000000000000 ( 276)                 .FILL x0000
(3129) 0000  0000000000000000 ( 276)                 .FILL x0000
(312A) 0000  0000000000000000 ( 276)                 .FILL x0000
(312B) 0000  0000000000000000 ( 276)                 .FILL x0000
(312C) 0000  0000000000000000 ( 276)                 .FILL x0000
(312D) 0000  0000000000000000 ( 276)                 .FILL x0000
(312E) 0000  0000000000000000 ( 276)                 .FILL x0000
(312F) 0000  0000000000000000 ( 276)                 .FILL x0000
(3130) 0000  0000000000000000 ( 276)                 .FILL x0000
(3131) 0000  0000000000000000 ( 276)                 .FILL x0000
(3132) 0000  0000000000000000 ( 276)                 .FILL x0000
(3133) 0000  0000000000000000 ( 276)                 .FILL x0000
(3134) 0000  0000000000000000 ( 276)                 .FILL x0000
(3135) 0000  0000000000000000 ( 276)                 .FILL x0000
(3136) 0000  0000000000000000 ( 276)                 .FILL x0000
(3137) 0000  0000000000000000 ( 276)                 .FILL x0000
(3138) 0000  0000000000000000 ( 276)                 .FILL x0000
(3139) 0000  0000000000000000 ( 276)                 .FILL x0000
(313A) 0000  0000000000000000 ( 276)                 .FILL x0000
(313B) 0000  0000000000000000 ( 276)                 .FILL x0000
(313C) 0000  0000000000000000 ( 276)                 .FILL x0000
(313D) 0000  0000000000000000 ( 276)                 .FILL x0000
(313E) 0000  0000000000000000 ( 276)                 .FILL x0000
(313F) 0000  0000000000000000 ( 276)                 .FILL x0000
(3140) 0000  0000000000000000 ( 276)                 .FILL x0000
(3141) 0000  0000000000000000 ( 276)                 .FILL x0000
(3142) 0000  0000000000000000 ( 276)                 .FILL x0000
(3143) 0000  0000000000000000 ( 276)                 .FILL x0000
(3144) 0000  0000000000000000 ( 276)                 .FILL x0000
(3145) 0000  0000000000000000 ( 276)                 .FILL x0000
(3146) 0000  0000000000000000 ( 276)                 .FILL x0000
(3147) 0000  0000000000000000 ( 276)                 .FILL x0000
(3148) 0000  0000000000000000 ( 276)                 .FILL x0000
(3149) 0000  0000000000000000 ( 276)                 .FILL x0000
(314A) 0000  0000000000000000 ( 276)                 .FILL x0000
(314B) 0000  0000000000000000 ( 276)                 .FILL x0000
(314C) 0000  0000000000000000 ( 276)                 .FILL x0000
(314D) 0000  0000000000000000 ( 276)                 .FILL x0000
(314E) 0000  0000000000000000 ( 276)                 .FILL x0000
(314F) 0000  0000000000000000 ( 276)                 .FILL x0000
(3150) 0000  0000000000000000 ( 276)                 .FILL x0000
(3151) 0000  0000000000000000 ( 276)                 .FILL x0000
(3152) 0000  0000000000000000 ( 276)                 .FILL x0000
(3153) 0000  0000000000000000 ( 276)                 .FILL x0000
(3154) 0000  0000000000000000 ( 276)                 .FILL x0000
(3155) 0000  0000000000000000 ( 276)                 .FILL x0000
(3156) 0000  0000000000000000 ( 276)                 .FILL x0000
(3157) 0000  0000000000000000 ( 276)                 .FILL x0000
(3158) 0000  0000000000000000 ( 276)                 .FILL x0000
(3159) 0000  0000000000000000 ( 276)                 .FILL x0000
(315A) 0000  0000000000000000 ( 276)                 .FILL x0000
(315B) 0000  0000000000000000 ( 276)                 .FILL x0000
