(0000) 3000  0011000000000000 (   3)                 .ORIG x3000
(3000) 5260  0101001001100000 (   4)                 AND   R1 R1 #0
(3001) 126B  0001001001101011 (   5)                 ADD   R1 R1 #11
(3002) 2017  0010000000010111 (   6)                 LD    R0 number
(3003) 1000  0001000000000000 (   8) start           ADD   R0 R0 R0
(3004) 127F  0001001001111111 (   9)                 ADD   R1 R1 #-1
(3005) 0401  0000010000000001 (  10)                 BRZ   goprint
(3006) 0FFC  0000111111111100 (  11)                 BRNZP start
(3007) 2416  0010010000010110 (  13) goprint         LD    R2 expmask
(3008) 5002  0101000000000010 (  14)                 AND   R0 R0 R2
(3009) 1A20  0001101000100000 (  15)                 ADD   R5 R0 #0
(300A) 5920  0101100100100000 (  16)                 AND   R4 R4 #0
(300B) E413  1110010000010011 (  17)                 LEA   R2 masks
(300C) 6680  0110011010000000 (  19) loop            LDR   R3 R2 #0
(300D) 14A1  0001010010100001 (  20)                 ADD   R2 R2 #1
(300E) 5143  0101000101000011 (  21)                 AND   R0 R5 R3
(300F) 0C02  0000110000000010 (  22)                 BRNZ  else
(3010) 200B  0010000000001011 (  23)                 LD    R0 ascii1
(3011) 0E01  0000111000000001 (  24)                 BRNZP done
(3012) 2008  0010000000001000 (  26) else            LD    R0 ascii0
(3013) F021  1111000000100001 (  28) done            TRAP  x21
(3014) 2008  0010000000001000 (  29)                 LD    R0 space
(3015) F021  1111000000100001 (  30)                 TRAP  x21
(3016) 1921  0001100100100001 (  31)                 ADD   R4 R4 #1
(3017) 1130  0001000100110000 (  32)                 ADD   R0 R4 #-16
(3018) 09F3  0000100111110011 (  33)                 BRN   loop
(3019) F025  1111000000100101 (  34)                 TRAP  x25
(301A) 800B  1000000000001011 (  36) number          .FILL x800B
(301B) 0030  0000000000110000 (  38) ascii0          .FILL x0030
(301C) 0031  0000000000110001 (  39) ascii1          .FILL x0031
(301D) 0020  0000000000100000 (  40) space           .FILL x0020
(301E) 7800  0111100000000000 (  41) expmask         .FILL x7800
(301F) 8000  1000000000000000 (  43) masks           .FILL x8000
(3020) 4000  0100000000000000 (  44)                 .FILL x4000
(3021) 2000  0010000000000000 (  45)                 .FILL x2000
(3022) 1000  0001000000000000 (  46)                 .FILL x1000
(3023) 0800  0000100000000000 (  47)                 .FILL x0800
(3024) 0400  0000010000000000 (  48)                 .FILL x0400
(3025) 0200  0000001000000000 (  49)                 .FILL x0200
(3026) 0100  0000000100000000 (  50)                 .FILL x0100
(3027) 0080  0000000010000000 (  51)                 .FILL x0080
(3028) 0040  0000000001000000 (  52)                 .FILL x0040
(3029) 0020  0000000000100000 (  53)                 .FILL x0020
(302A) 0010  0000000000010000 (  54)                 .FILL x0010
(302B) 0008  0000000000001000 (  55)                 .FILL x0008
(302C) 0004  0000000000000100 (  56)                 .FILL x0004
(302D) 0002  0000000000000010 (  57)                 .FILL x0002
(302E) 0001  0000000000000001 (  58)                 .FILL x0001
