(0000) 3000  0011000000000000 (   3)                 .ORIG x3000
(3000) 5DA0  0101110110100000 (   5) start           AND   R6 R6 #0
(3001) 5920  0101100100100000 (   6)                 AND   R4 R4 #0
(3002) 28CD  0010100011001101 (   7)                 LD    R4 max_size
(3003) E664  1110011001100100 (   8)                 LEA   R3 buffer
(3004) 7CC0  0111110011000000 (  10) clear           STR   R6 R3 #0
(3005) 16E1  0001011011100001 (  11)                 ADD   R3 R3 #1
(3006) 193F  0001100100111111 (  12)                 ADD   R4 R4 #-1
(3007) 03FC  0000001111111100 (  13)                 BRP   clear
(3008) 56E0  0101011011100000 (  15)                 AND   R3 R3 #0
(3009) 5920  0101100100100000 (  16)                 AND   R4 R4 #0
(300A) E45D  1110010001011101 (  17)                 LEA   R2 buffer
(300B) E0D4  1110000011010100 (  18)                 LEA   R0 prompt
(300C) F022  1111000000100010 (  19)                 TRAP  x22
(300D) F020  1111000000100000 (  21) loop            TRAP  x20
(300E) F021  1111000000100001 (  22)                 TRAP  x21
(300F) 1236  0001001000110110 (  23)                 ADD   R1 R0 #-10
(3010) 0403  0000010000000011 (  24)                 BRZ   check1
(3011) 7080  0111000010000000 (  25)                 STR   R0 R2 #0
(3012) 14A1  0001010010100001 (  26)                 ADD   R2 R2 #1
(3013) 0FF9  0000111111111001 (  27)                 BRNZP loop
(3014) 5B60  0101101101100000 (  29) check1          AND   R5 R5 #0
(3015) E452  1110010001010010 (  31)                 LEA   R2 buffer
(3016) 284E  0010100001001110 (  32)                 LD    R4 plus
(3017) 993F  1001100100111111 (  33)                 NOT   R4 R4
(3018) 1921  0001100100100001 (  34)                 ADD   R4 R4 #1
(3019) 264E  0010011001001110 (  35)                 LD    R3 buffer
(301A) 12C4  0001001011000100 (  36)                 ADD   R1 R3 R4
(301B) 0408  0000010000001000 (  37)                 BRZ   check2
(301C) 2849  0010100001001001 (  39)                 LD    R4 minus
(301D) 993F  1001100100111111 (  40)                 NOT   R4 R4
(301E) 1921  0001100100100001 (  41)                 ADD   R4 R4 #1
(301F) 12C4  0001001011000100 (  42)                 ADD   R1 R3 R4
(3020) 0403  0000010000000011 (  43)                 BRZ   check2
(3021) E0E7  1110000011100111 (  45) invalid_input   LEA   R0 invalid
(3022) F022  1111000000100010 (  46)                 TRAP  x22
(3023) 0FDC  0000111111011100 (  47)                 BRNZP start
(3024) 14A1  0001010010100001 (  49) check2          ADD   R2 R2 #1
(3025) 6280  0110001010000000 (  50)                 LDR   R1 R2 #0
(3026) 040F  0000010000001111 (  51)                 BRZ   output
(3027) 2EA4  0010111010100100 (  52)                 LD    R7 ascii
(3028) 1247  0001001001000111 (  53)                 ADD   R1 R1 R7
(3029) 09F7  0000100111110111 (  54)                 BRN   invalid_input
(302A) 1A77  0001101001110111 (  55)                 ADD   R5 R1 #-9
(302B) 03F5  0000001111110101 (  56)                 BRP   invalid_input
(302C) 1786  0001011110000110 (  58)                 ADD   R3 R6 R6
(302D) 18C3  0001100011000011 (  59)                 ADD   R4 R3 R3
(302E) 1D04  0001110100000100 (  60)                 ADD   R6 R4 R4
(302F) 1D83  0001110110000011 (  61)                 ADD   R6 R6 R3
(3030) 1D81  0001110110000001 (  63)                 ADD   R6 R6 R1
(3031) 2A35  0010101000110101 (  65)                 LD    R5 range
(3032) 1B46  0001101101000110 (  66)                 ADD   R5 R5 R6
(3033) 03ED  0000001111101101 (  67)                 BRP   invalid_input
(3034) 1B7F  0001101101111111 (  68)                 ADD   R5 R5 #-1
(3035) 0FEE  0000111111101110 (  69)                 BRNZP check2
(3036) 1B60  0001101101100000 (  71) output          ADD   R5 R5 #0
(3037) 05E9  0000010111101001 (  72)                 BRZ   invalid_input
(3038) 2A2E  0010101000101110 (  73)                 LD    R5 range
(3039) 1B46  0001101101000110 (  74)                 ADD   R5 R5 R6
(303A) 0C03  0000110000000011 (  75)                 BRNZ  valid
(303B) E0CD  1110000011001101 (  76)                 LEA   R0 invalid
(303C) F022  1111000000100010 (  77)                 TRAP  x22
(303D) 0FC2  0000111111000010 (  78)                 BRNZP start
(303E) 2429  0010010000101001 (  80) valid           LD    R2 buffer
(303F) 2826  0010100000100110 (  81)                 LD    R4 minus
(3040) 993F  1001100100111111 (  82)                 NOT   R4 R4
(3041) 1921  0001100100100001 (  83)                 ADD   R4 R4 #1
(3042) 1484  0001010010000100 (  84)                 ADD   R2 R2 R4
(3043) 0405  0000010000000101 (  85)                 BRZ   negate
(3044) 2088  0010000010001000 (  87)                 LD    R0 ascii0
(3045) F021  1111000000100001 (  88)                 TRAP  x21
(3046) 2088  0010000010001000 (  89)                 LD    R0 space
(3047) F021  1111000000100001 (  90)                 TRAP  x21
(3048) 0E0C  0000111000001100 (  91)                 BRNZP goprint
(3049) 9DBF  1001110110111111 (  93) negate          NOT   R6 R6
(304A) 1DA1  0001110110100001 (  94)                 ADD   R6 R6 #1
(304B) 0405  0000010000000101 (  95)                 BRZ   specialcase
(304C) 2081  0010000010000001 (  96)                 LD    R0 ascii1
(304D) F021  1111000000100001 (  97)                 TRAP  x21
(304E) 2080  0010000010000000 (  98)                 LD    R0 space
(304F) F021  1111000000100001 (  99)                 TRAP  x21
(3050) 0E04  0000111000000100 ( 100)                 BRNZP goprint
(3051) 207B  0010000001111011 ( 102) specialcase     LD    R0 ascii0
(3052) F021  1111000000100001 ( 103)                 TRAP  x21
(3053) 207B  0010000001111011 ( 104)                 LD    R0 space
(3054) F021  1111000000100001 ( 105)                 TRAP  x21
(3055) 5920  0101100100100000 ( 107) goprint         AND   R4 R4 #0
(3056) E47A  1110010001111010 ( 108)                 LEA   R2 masks
(3057) 6680  0110011010000000 ( 110) loop2           LDR   R3 R2 #0
(3058) 14A1  0001010010100001 ( 111)                 ADD   R2 R2 #1
(3059) 5183  0101000110000011 ( 112)                 AND   R0 R6 R3
(305A) 0C02  0000110000000010 ( 113)                 BRNZ  else
(305B) 2072  0010000001110010 ( 114)                 LD    R0 ascii1
(305C) 0E01  0000111000000001 ( 115)                 BRNZP done
(305D) 206F  0010000001101111 ( 117) else            LD    R0 ascii0
(305E) F021  1111000000100001 ( 119) done            TRAP  x21
(305F) 206F  0010000001101111 ( 120)                 LD    R0 space
(3060) F021  1111000000100001 ( 121)                 TRAP  x21
(3061) 1921  0001100100100001 ( 122)                 ADD   R4 R4 #1
(3062) 1131  0001000100110001 ( 123)                 ADD   R0 R4 #-15
(3063) 09F3  0000100111110011 ( 124)                 BRN   loop2
(3064) F025  1111000000100101 ( 125)                 TRAP  x25
(3065) 002B  0000000000101011 ( 133) plus            .FILL x002B
(3066) 002D  0000000000101101 ( 134) minus           .FILL x002D
(3067) FE01  1111111000000001 ( 135) range           .FILL xFE01
(3068) 0000  0000000000000000 ( 137) buffer          .FILL x0000
(3069) 0000  0000000000000000 ( 137)                 .FILL x0000
(306A) 0000  0000000000000000 ( 137)                 .FILL x0000
(306B) 0000  0000000000000000 ( 137)                 .FILL x0000
(306C) 0000  0000000000000000 ( 137)                 .FILL x0000
(306D) 0000  0000000000000000 ( 137)                 .FILL x0000
(306E) 0000  0000000000000000 ( 137)                 .FILL x0000
(306F) 0000  0000000000000000 ( 137)                 .FILL x0000
(3070) 0000  0000000000000000 ( 137)                 .FILL x0000
(3071) 0000  0000000000000000 ( 137)                 .FILL x0000
(3072) 0000  0000000000000000 ( 137)                 .FILL x0000
(3073) 0000  0000000000000000 ( 137)                 .FILL x0000
(3074) 0000  0000000000000000 ( 137)                 .FILL x0000
(3075) 0000  0000000000000000 ( 137)                 .FILL x0000
(3076) 0000  0000000000000000 ( 137)                 .FILL x0000
(3077) 0000  0000000000000000 ( 137)                 .FILL x0000
(3078) 0000  0000000000000000 ( 137)                 .FILL x0000
(3079) 0000  0000000000000000 ( 137)                 .FILL x0000
(307A) 0000  0000000000000000 ( 137)                 .FILL x0000
(307B) 0000  0000000000000000 ( 137)                 .FILL x0000
(307C) 0000  0000000000000000 ( 137)                 .FILL x0000
(307D) 0000  0000000000000000 ( 137)                 .FILL x0000
(307E) 0000  0000000000000000 ( 137)                 .FILL x0000
(307F) 0000  0000000000000000 ( 137)                 .FILL x0000
(3080) 0000  0000000000000000 ( 137)                 .FILL x0000
(3081) 0000  0000000000000000 ( 137)                 .FILL x0000
(3082) 0000  0000000000000000 ( 137)                 .FILL x0000
(3083) 0000  0000000000000000 ( 137)                 .FILL x0000
(3084) 0000  0000000000000000 ( 137)                 .FILL x0000
(3085) 0000  0000000000000000 ( 137)                 .FILL x0000
(3086) 0000  0000000000000000 ( 137)                 .FILL x0000
(3087) 0000  0000000000000000 ( 137)                 .FILL x0000
(3088) 0000  0000000000000000 ( 137)                 .FILL x0000
(3089) 0000  0000000000000000 ( 137)                 .FILL x0000
(308A) 0000  0000000000000000 ( 137)                 .FILL x0000
(308B) 0000  0000000000000000 ( 137)                 .FILL x0000
(308C) 0000  0000000000000000 ( 137)                 .FILL x0000
(308D) 0000  0000000000000000 ( 137)                 .FILL x0000
(308E) 0000  0000000000000000 ( 137)                 .FILL x0000
(308F) 0000  0000000000000000 ( 137)                 .FILL x0000
(3090) 0000  0000000000000000 ( 137)                 .FILL x0000
(3091) 0000  0000000000000000 ( 137)                 .FILL x0000
(3092) 0000  0000000000000000 ( 137)                 .FILL x0000
(3093) 0000  0000000000000000 ( 137)                 .FILL x0000
(3094) 0000  0000000000000000 ( 137)                 .FILL x0000
(3095) 0000  0000000000000000 ( 137)                 .FILL x0000
(3096) 0000  0000000000000000 ( 137)                 .FILL x0000
(3097) 0000  0000000000000000 ( 137)                 .FILL x0000
(3098) 0000  0000000000000000 ( 137)                 .FILL x0000
(3099) 0000  0000000000000000 ( 137)                 .FILL x0000
(309A) 0000  0000000000000000 ( 137)                 .FILL x0000
(309B) 0000  0000000000000000 ( 137)                 .FILL x0000
(309C) 0000  0000000000000000 ( 137)                 .FILL x0000
(309D) 0000  0000000000000000 ( 137)                 .FILL x0000
(309E) 0000  0000000000000000 ( 137)                 .FILL x0000
(309F) 0000  0000000000000000 ( 137)                 .FILL x0000
(30A0) 0000  0000000000000000 ( 137)                 .FILL x0000
(30A1) 0000  0000000000000000 ( 137)                 .FILL x0000
(30A2) 0000  0000000000000000 ( 137)                 .FILL x0000
(30A3) 0000  0000000000000000 ( 137)                 .FILL x0000
(30A4) 0000  0000000000000000 ( 137)                 .FILL x0000
(30A5) 0000  0000000000000000 ( 137)                 .FILL x0000
(30A6) 0000  0000000000000000 ( 137)                 .FILL x0000
(30A7) 0000  0000000000000000 ( 137)                 .FILL x0000
(30A8) 0000  0000000000000000 ( 137)                 .FILL x0000
(30A9) 0000  0000000000000000 ( 137)                 .FILL x0000
(30AA) 0000  0000000000000000 ( 137)                 .FILL x0000
(30AB) 0000  0000000000000000 ( 137)                 .FILL x0000
(30AC) 0000  0000000000000000 ( 137)                 .FILL x0000
(30AD) 0000  0000000000000000 ( 137)                 .FILL x0000
(30AE) 0000  0000000000000000 ( 137)                 .FILL x0000
(30AF) 0000  0000000000000000 ( 137)                 .FILL x0000
(30B0) 0000  0000000000000000 ( 137)                 .FILL x0000
(30B1) 0000  0000000000000000 ( 137)                 .FILL x0000
(30B2) 0000  0000000000000000 ( 137)                 .FILL x0000
(30B3) 0000  0000000000000000 ( 137)                 .FILL x0000
(30B4) 0000  0000000000000000 ( 137)                 .FILL x0000
(30B5) 0000  0000000000000000 ( 137)                 .FILL x0000
(30B6) 0000  0000000000000000 ( 137)                 .FILL x0000
(30B7) 0000  0000000000000000 ( 137)                 .FILL x0000
(30B8) 0000  0000000000000000 ( 137)                 .FILL x0000
(30B9) 0000  0000000000000000 ( 137)                 .FILL x0000
(30BA) 0000  0000000000000000 ( 137)                 .FILL x0000
(30BB) 0000  0000000000000000 ( 137)                 .FILL x0000
(30BC) 0000  0000000000000000 ( 137)                 .FILL x0000
(30BD) 0000  0000000000000000 ( 137)                 .FILL x0000
(30BE) 0000  0000000000000000 ( 137)                 .FILL x0000
(30BF) 0000  0000000000000000 ( 137)                 .FILL x0000
(30C0) 0000  0000000000000000 ( 137)                 .FILL x0000
(30C1) 0000  0000000000000000 ( 137)                 .FILL x0000
(30C2) 0000  0000000000000000 ( 137)                 .FILL x0000
(30C3) 0000  0000000000000000 ( 137)                 .FILL x0000
(30C4) 0000  0000000000000000 ( 137)                 .FILL x0000
(30C5) 0000  0000000000000000 ( 137)                 .FILL x0000
(30C6) 0000  0000000000000000 ( 137)                 .FILL x0000
(30C7) 0000  0000000000000000 ( 137)                 .FILL x0000
(30C8) 0000  0000000000000000 ( 137)                 .FILL x0000
(30C9) 0000  0000000000000000 ( 137)                 .FILL x0000
(30CA) 0000  0000000000000000 ( 137)                 .FILL x0000
(30CB) 0000  0000000000000000 ( 137)                 .FILL x0000
(30CC) FFD0  1111111111010000 ( 137) ascii           .FILL xFFD0
(30CD) 0030  0000000000110000 ( 138) ascii0          .FILL x0030
(30CE) 0031  0000000000110001 ( 139) ascii1          .FILL x0031
(30CF) 0020  0000000000100000 ( 140) space           .FILL x0020
(30D0) 0064  0000000001100100 ( 141) max_size        .FILL x0064
(30D1) 4000  0100000000000000 ( 144) masks           .FILL x4000
(30D2) 2000  0010000000000000 ( 145)                 .FILL x2000
(30D3) 1000  0001000000000000 ( 146)                 .FILL x1000
(30D4) 0800  0000100000000000 ( 147)                 .FILL x0800
(30D5) 0400  0000010000000000 ( 148)                 .FILL x0400
(30D6) 0200  0000001000000000 ( 149)                 .FILL x0200
(30D7) 0100  0000000100000000 ( 150)                 .FILL x0100
(30D8) 0080  0000000010000000 ( 151)                 .FILL x0080
(30D9) 0040  0000000001000000 ( 152)                 .FILL x0040
(30DA) 0020  0000000000100000 ( 153)                 .FILL x0020
(30DB) 0010  0000000000010000 ( 154)                 .FILL x0010
(30DC) 0008  0000000000001000 ( 155)                 .FILL x0008
(30DD) 0004  0000000000000100 ( 156)                 .FILL x0004
(30DE) 0002  0000000000000010 ( 157)                 .FILL x0002
(30DF) 0001  0000000000000001 ( 158)                 .FILL x0001
(30E0) 0045  0000000001000101 ( 160) prompt          .FILL x0045
(30E1) 006E  0000000001101110 ( 160)                 .FILL x006E
(30E2) 0074  0000000001110100 ( 160)                 .FILL x0074
(30E3) 0065  0000000001100101 ( 160)                 .FILL x0065
(30E4) 0072  0000000001110010 ( 160)                 .FILL x0072
(30E5) 0020  0000000000100000 ( 160)                 .FILL x0020
(30E6) 0061  0000000001100001 ( 160)                 .FILL x0061
(30E7) 006E  0000000001101110 ( 160)                 .FILL x006E
(30E8) 0020  0000000000100000 ( 160)                 .FILL x0020
(30E9) 0069  0000000001101001 ( 160)                 .FILL x0069
(30EA) 006E  0000000001101110 ( 160)                 .FILL x006E
(30EB) 0074  0000000001110100 ( 160)                 .FILL x0074
(30EC) 0065  0000000001100101 ( 160)                 .FILL x0065
(30ED) 0067  0000000001100111 ( 160)                 .FILL x0067
(30EE) 0065  0000000001100101 ( 160)                 .FILL x0065
(30EF) 0072  0000000001110010 ( 160)                 .FILL x0072
(30F0) 0020  0000000000100000 ( 160)                 .FILL x0020
(30F1) 0062  0000000001100010 ( 160)                 .FILL x0062
(30F2) 0065  0000000001100101 ( 160)                 .FILL x0065
(30F3) 0074  0000000001110100 ( 160)                 .FILL x0074
(30F4) 0077  0000000001110111 ( 160)                 .FILL x0077
(30F5) 0065  0000000001100101 ( 160)                 .FILL x0065
(30F6) 0065  0000000001100101 ( 160)                 .FILL x0065
(30F7) 006E  0000000001101110 ( 160)                 .FILL x006E
(30F8) 0020  0000000000100000 ( 160)                 .FILL x0020
(30F9) 002D  0000000000101101 ( 160)                 .FILL x002D
(30FA) 0035  0000000000110101 ( 160)                 .FILL x0035
(30FB) 0031  0000000000110001 ( 160)                 .FILL x0031
(30FC) 0031  0000000000110001 ( 160)                 .FILL x0031
(30FD) 0020  0000000000100000 ( 160)                 .FILL x0020
(30FE) 0061  0000000001100001 ( 160)                 .FILL x0061
(30FF) 006E  0000000001101110 ( 160)                 .FILL x006E
(3100) 0064  0000000001100100 ( 160)                 .FILL x0064
(3101) 0020  0000000000100000 ( 160)                 .FILL x0020
(3102) 002B  0000000000101011 ( 160)                 .FILL x002B
(3103) 0035  0000000000110101 ( 160)                 .FILL x0035
(3104) 0031  0000000000110001 ( 160)                 .FILL x0031
(3105) 0031  0000000000110001 ( 160)                 .FILL x0031
(3106) 003A  0000000000111010 ( 160)                 .FILL x003A
(3107) 0020  0000000000100000 ( 160)                 .FILL x0020
(3108) 0000  0000000000000000 ( 160)                 .FILL x0000
(3109) 0054  0000000001010100 ( 161) invalid         .FILL x0054
(310A) 0068  0000000001101000 ( 161)                 .FILL x0068
(310B) 0065  0000000001100101 ( 161)                 .FILL x0065
(310C) 0020  0000000000100000 ( 161)                 .FILL x0020
(310D) 0069  0000000001101001 ( 161)                 .FILL x0069
(310E) 006E  0000000001101110 ( 161)                 .FILL x006E
(310F) 0070  0000000001110000 ( 161)                 .FILL x0070
(3110) 0075  0000000001110101 ( 161)                 .FILL x0075
(3111) 0074  0000000001110100 ( 161)                 .FILL x0074
(3112) 0020  0000000000100000 ( 161)                 .FILL x0020
(3113) 0069  0000000001101001 ( 161)                 .FILL x0069
(3114) 0073  0000000001110011 ( 161)                 .FILL x0073
(3115) 0020  0000000000100000 ( 161)                 .FILL x0020
(3116) 0069  0000000001101001 ( 161)                 .FILL x0069
(3117) 006E  0000000001101110 ( 161)                 .FILL x006E
(3118) 0076  0000000001110110 ( 161)                 .FILL x0076
(3119) 0061  0000000001100001 ( 161)                 .FILL x0061
(311A) 006C  0000000001101100 ( 161)                 .FILL x006C
(311B) 0069  0000000001101001 ( 161)                 .FILL x0069
(311C) 0064  0000000001100100 ( 161)                 .FILL x0064
(311D) 002E  0000000000101110 ( 161)                 .FILL x002E
(311E) 000A  0000000000001010 ( 161)                 .FILL x000A
(311F) 0000  0000000000000000 ( 161)                 .FILL x0000
