(0000) 3000  0011000000000000 (   2)                 .ORIG x3000
(3000) 240C  0010010000001100 (   3)                 LD    R2 number
(3001) E62A  1110011000101010 (   4)                 LEA   R3 decimal
(3002) 14A0  0001010010100000 (   5)                 ADD   R2 R2 #0
(3003) 0601  0000011000000001 (   6)                 BRZP  loop
(3004) 0E03  0000111000000011 (   7)                 BRNZP output
(3005) 16E3  0001011011100011 (   9) loop            ADD   R3 R3 #3
(3006) 1482  0001010010000010 (  10)                 ADD   R2 R2 R2
(3007) 07FD  0000011111111101 (  11)                 BRZP  loop
(3008) E005  1110000000000101 (  13) output          LEA   R0 out_str
(3009) F022  1111000000100010 (  14)                 TRAP  x22
(300A) 10E0  0001000011100000 (  15)                 ADD   R0 R3 #0
(300B) F022  1111000000100010 (  16)                 TRAP  x22
(300C) F025  1111000000100101 (  17)                 TRAP  x25
(300D) 0001  0000000000000001 (  19) number          .FILL x0001
(300E) 0054  0000000001010100 (  21) out_str         .FILL x0054
(300F) 0068  0000000001101000 (  21)                 .FILL x0068
(3010) 0065  0000000001100101 (  21)                 .FILL x0065
(3011) 0020  0000000000100000 (  21)                 .FILL x0020
(3012) 0066  0000000001100110 (  21)                 .FILL x0066
(3013) 0069  0000000001101001 (  21)                 .FILL x0069
(3014) 0072  0000000001110010 (  21)                 .FILL x0072
(3015) 0073  0000000001110011 (  21)                 .FILL x0073
(3016) 0074  0000000001110100 (  21)                 .FILL x0074
(3017) 0020  0000000000100000 (  21)                 .FILL x0020
(3018) 0073  0000000001110011 (  21)                 .FILL x0073
(3019) 0069  0000000001101001 (  21)                 .FILL x0069
(301A) 0067  0000000001100111 (  21)                 .FILL x0067
(301B) 006E  0000000001101110 (  21)                 .FILL x006E
(301C) 0069  0000000001101001 (  21)                 .FILL x0069
(301D) 0066  0000000001100110 (  21)                 .FILL x0066
(301E) 0069  0000000001101001 (  21)                 .FILL x0069
(301F) 0063  0000000001100011 (  21)                 .FILL x0063
(3020) 0061  0000000001100001 (  21)                 .FILL x0061
(3021) 006E  0000000001101110 (  21)                 .FILL x006E
(3022) 0074  0000000001110100 (  21)                 .FILL x0074
(3023) 0020  0000000000100000 (  21)                 .FILL x0020
(3024) 0062  0000000001100010 (  21)                 .FILL x0062
(3025) 0069  0000000001101001 (  21)                 .FILL x0069
(3026) 0074  0000000001110100 (  21)                 .FILL x0074
(3027) 0020  0000000000100000 (  21)                 .FILL x0020
(3028) 0069  0000000001101001 (  21)                 .FILL x0069
(3029) 0073  0000000001110011 (  21)                 .FILL x0073
(302A) 0020  0000000000100000 (  21)                 .FILL x0020
(302B) 0000  0000000000000000 (  21)                 .FILL x0000
(302C) 0031  0000000000110001 (  22) decimal         .FILL x0031
(302D) 0035  0000000000110101 (  23)                 .FILL x0035
(302E) 0000  0000000000000000 (  24)                 .FILL x0000
(302F) 0031  0000000000110001 (  25)                 .FILL x0031
(3030) 0034  0000000000110100 (  26)                 .FILL x0034
(3031) 0000  0000000000000000 (  27)                 .FILL x0000
(3032) 0031  0000000000110001 (  28)                 .FILL x0031
(3033) 0033  0000000000110011 (  29)                 .FILL x0033
(3034) 0000  0000000000000000 (  30)                 .FILL x0000
(3035) 0031  0000000000110001 (  31)                 .FILL x0031
(3036) 0032  0000000000110010 (  32)                 .FILL x0032
(3037) 0000  0000000000000000 (  33)                 .FILL x0000
(3038) 0031  0000000000110001 (  34)                 .FILL x0031
(3039) 0031  0000000000110001 (  35)                 .FILL x0031
(303A) 0000  0000000000000000 (  36)                 .FILL x0000
(303B) 0031  0000000000110001 (  37)                 .FILL x0031
(303C) 0030  0000000000110000 (  38)                 .FILL x0030
(303D) 0000  0000000000000000 (  39)                 .FILL x0000
(303E) 0039  0000000000111001 (  40)                 .FILL x0039
(303F) 0000  0000000000000000 (  41)                 .FILL x0000
(3040) 0000  0000000000000000 (  42)                 .FILL x0000
(3041) 0038  0000000000111000 (  43)                 .FILL x0038
(3042) 0000  0000000000000000 (  44)                 .FILL x0000
(3043) 0000  0000000000000000 (  45)                 .FILL x0000
(3044) 0037  0000000000110111 (  46)                 .FILL x0037
(3045) 0000  0000000000000000 (  47)                 .FILL x0000
(3046) 0000  0000000000000000 (  48)                 .FILL x0000
(3047) 0036  0000000000110110 (  49)                 .FILL x0036
(3048) 0000  0000000000000000 (  50)                 .FILL x0000
(3049) 0000  0000000000000000 (  51)                 .FILL x0000
(304A) 0035  0000000000110101 (  52)                 .FILL x0035
(304B) 0000  0000000000000000 (  53)                 .FILL x0000
(304C) 0000  0000000000000000 (  54)                 .FILL x0000
(304D) 0034  0000000000110100 (  55)                 .FILL x0034
(304E) 0000  0000000000000000 (  56)                 .FILL x0000
(304F) 0000  0000000000000000 (  57)                 .FILL x0000
(3050) 0033  0000000000110011 (  58)                 .FILL x0033
(3051) 0000  0000000000000000 (  59)                 .FILL x0000
(3052) 0000  0000000000000000 (  60)                 .FILL x0000
(3053) 0032  0000000000110010 (  61)                 .FILL x0032
(3054) 0000  0000000000000000 (  62)                 .FILL x0000
(3055) 0000  0000000000000000 (  63)                 .FILL x0000
(3056) 0031  0000000000110001 (  64)                 .FILL x0031
(3057) 0000  0000000000000000 (  65)                 .FILL x0000
(3058) 0000  0000000000000000 (  66)                 .FILL x0000
(3059) 0030  0000000000110000 (  67)                 .FILL x0030
(305A) 0000  0000000000000000 (  68)                 .FILL x0000
(305B) 0000  0000000000000000 (  69)                 .FILL x0000
